2024-03-27 08:53:13,701 [INFO] Activator:176 - 


2024-03-27 08:53:13,704 [INFO] Activator:177 - !SESSION log4j initialized
2024-03-27 08:53:16,663 [INFO] LogOutputStream:77 - [STDOUT_REDIRECT] 
2024-03-27 08:53:20,730 [INFO] ApplicationProperties:184 - Using Application install path: /opt/st/stm32cubeide_1.15.0/plugins/com.st.stm32cube.common.mx_6.11.0.202403141607
2024-03-27 08:53:20,751 [INFO] DbMcusXml:78 - Set database path to: /opt/st/stm32cubeide_1.15.0/plugins/com.st.stm32cube.common.mx_6.11.0.202403141607//db//mcu/
2024-03-27 08:53:20,752 [INFO] ApiDb:274 - Set plugin database path to: /opt/st/stm32cubeide_1.15.0/plugins/com.st.stm32cube.common.mx_6.11.0.202403141607//db//plugins/boardmanager/
2024-03-27 08:53:20,753 [WARN] ApiDb:259 - Overriding images path with different value:  => /opt/st/stm32cubeide_1.15.0/plugins/com.st.stm32cube.common.mx_6.11.0.202403141607//db//plugins/mcufinder/images/
2024-03-27 08:53:20,759 [INFO] ApiDb:250 - Set database path to: /home/harsh/.stmcufinder/plugins/mcufinder//mcu/
2024-03-27 08:53:20,761 [INFO] DbMcusAds:125 - Set database path to: /home/harsh/.stmcufinder/plugins/mcufinder//mcu/
2024-03-27 08:53:20,764 [INFO] CrossReferenceDbSqlite:203 - Set database path to: /home/harsh/.stmcufinder/plugins/mcufinder//mcu/cs/
2024-03-27 08:53:21,002 [INFO] RulesReader:64 - Compatibility file has been processed (297 Rules)
2024-03-27 08:53:21,127 [INFO] DbMcusXml:78 - Set database path to: /opt/st/stm32cubeide_1.15.0/plugins/com.st.stm32cube.common.mx_6.11.0.202403141607//db//mcu/
2024-03-27 08:53:21,128 [INFO] ApiDb:274 - Set plugin database path to: /opt/st/stm32cubeide_1.15.0/plugins/com.st.stm32cube.common.mx_6.11.0.202403141607//db//plugins/boardmanager/
2024-03-27 08:53:21,128 [INFO] ApiDb:261 - Set plugin images path to: /opt/st/stm32cubeide_1.15.0/plugins/com.st.stm32cube.common.mx_6.11.0.202403141607//db//plugins/mcufinder/images/
2024-03-27 08:53:21,129 [WARN] DbFile:41 - Overriding database path with different value: /home/harsh/.stmcufinder/plugins/mcufinder/ => /home/harsh/.stmcufinder/plugins/mcufinder
2024-03-27 08:53:21,129 [INFO] ApiDb:250 - Set database path to: /home/harsh/.stmcufinder/plugins/mcufinder//mcu/
2024-03-27 08:53:21,129 [WARN] DbFile:41 - Overriding database path with different value: /home/harsh/.stmcufinder/plugins/mcufinder/ => /home/harsh/.stmcufinder/plugins/mcufinder
2024-03-27 08:53:21,129 [INFO] DbMcusAds:125 - Set database path to: /home/harsh/.stmcufinder/plugins/mcufinder//mcu/
2024-03-27 08:53:21,130 [WARN] DbFile:41 - Overriding database path with different value: /home/harsh/.stmcufinder/plugins/mcufinder/ => /home/harsh/.stmcufinder/plugins/mcufinder
2024-03-27 08:53:21,130 [WARN] DbFile:41 - Overriding database path with different value: /home/harsh/.stmcufinder/plugins/mcufinder/ => /home/harsh/.stmcufinder/plugins/mcufinder
2024-03-27 08:53:21,130 [INFO] CrossReferenceDbSqlite:203 - Set database path to: /home/harsh/.stmcufinder/plugins/mcufinder//mcu/cs/
2024-03-27 08:53:21,362 [INFO] MainPanel:264 - HeapMemory: 268435456
2024-03-27 08:53:21,585 [INFO] DbMcusXml:78 - Set database path to: /opt/st/stm32cubeide_1.15.0/plugins/com.st.stm32cube.common.mx_6.11.0.202403141607//db//mcu/
2024-03-27 08:53:21,586 [INFO] ApiDb:274 - Set plugin database path to: /opt/st/stm32cubeide_1.15.0/plugins/com.st.stm32cube.common.mx_6.11.0.202403141607//db//plugins/boardmanager/
2024-03-27 08:53:21,588 [INFO] ApiDb:261 - Set plugin images path to: /opt/st/stm32cubeide_1.15.0/plugins/com.st.stm32cube.common.mx_6.11.0.202403141607//db//plugins/mcufinder/images/
2024-03-27 08:53:21,589 [WARN] DbFile:41 - Overriding database path with different value: /home/harsh/.stmcufinder/plugins/mcufinder/ => /home/harsh/.stmcufinder/plugins/mcufinder
2024-03-27 08:53:21,592 [INFO] ApiDb:250 - Set database path to: /home/harsh/.stmcufinder/plugins/mcufinder//mcu/
2024-03-27 08:53:21,593 [WARN] DbFile:41 - Overriding database path with different value: /home/harsh/.stmcufinder/plugins/mcufinder/ => /home/harsh/.stmcufinder/plugins/mcufinder
2024-03-27 08:53:21,593 [INFO] DbMcusAds:125 - Set database path to: /home/harsh/.stmcufinder/plugins/mcufinder//mcu/
2024-03-27 08:53:21,594 [WARN] DbFile:41 - Overriding database path with different value: /home/harsh/.stmcufinder/plugins/mcufinder/ => /home/harsh/.stmcufinder/plugins/mcufinder
2024-03-27 08:53:21,594 [WARN] DbFile:41 - Overriding database path with different value: /home/harsh/.stmcufinder/plugins/mcufinder/ => /home/harsh/.stmcufinder/plugins/mcufinder
2024-03-27 08:53:21,594 [INFO] CrossReferenceDbSqlite:203 - Set database path to: /home/harsh/.stmcufinder/plugins/mcufinder//mcu/cs/
2024-03-27 08:53:21,640 [INFO] ApplicationProperties:184 - Using Application install path: /opt/st/stm32cubeide_1.15.0/plugins/com.st.stm32cube.common.mx_6.11.0.202403141607
2024-03-27 08:53:21,646 [INFO] PluginManage:196 - Search for loadable plugins [exclusion list=, ]
2024-03-27 08:53:21,649 [INFO] PluginManage:310 - Check plugin analytics
2024-03-27 08:53:22,166 [INFO] AnalyticsPlugin:253 - Accepted Software Licenses: 
2024-03-27 08:53:22,167 [INFO] AnalyticsPlugin:255 - Accepted CMSIS Pack Licenses: 
2024-03-27 08:53:22,167 [INFO] AnalyticsPlugin:257 - Accepted Firmware Licenses: 
2024-03-27 08:53:22,176 [INFO] PluginManage:359 - Loaded plugin analytics (category:tool,tabindex:-1)
2024-03-27 08:53:22,176 [INFO] PluginManage:310 - Check plugin cadmodel
2024-03-27 08:53:22,236 [INFO] CADModel:105 - Init CAD model plugin
2024-03-27 08:53:22,237 [INFO] PluginManage:359 - Loaded plugin cadmodel (category:power,tabindex:5)
2024-03-27 08:53:22,237 [INFO] PluginManage:310 - Check plugin clock
2024-03-27 08:53:22,262 [INFO] PluginManage:359 - Loaded plugin clock (category:base,tabindex:2)
2024-03-27 08:53:22,262 [INFO] PluginManage:310 - Check plugin ddr
2024-03-27 08:53:22,266 [INFO] PluginManage:359 - Loaded plugin ddr (category:tool,tabindex:6)
2024-03-27 08:53:22,267 [INFO] PluginManage:310 - Check plugin filemanager
2024-03-27 08:53:22,660 [INFO] PluginManage:359 - Loaded plugin filemanager (category:base,tabindex:10)
2024-03-27 08:53:22,660 [INFO] PluginManage:310 - Check plugin ipmanager
2024-03-27 08:53:22,673 [INFO] PluginManage:359 - Loaded plugin ipmanager (category:base,tabindex:5)
2024-03-27 08:53:22,674 [INFO] PluginManage:310 - Check plugin lpbam
2024-03-27 08:53:22,694 [INFO] PluginManage:359 - Loaded plugin lpbam (category:base,tabindex:0)
2024-03-27 08:53:22,695 [INFO] PluginManage:310 - Check plugin memorymap
2024-03-27 08:53:22,718 [INFO] PluginManage:359 - Loaded plugin memorymap (category:base,tabindex:4)
2024-03-27 08:53:22,719 [INFO] PluginManage:310 - Check plugin pinoutandconfiguration
2024-03-27 08:53:22,736 [INFO] PluginManage:359 - Loaded plugin pinoutandconfiguration (category:base,tabindex:1)
2024-03-27 08:53:22,736 [INFO] PluginManage:310 - Check plugin pinoutconfig
2024-03-27 08:53:22,943 [WARN] SupportedApi:132 - Cannot load RTOS API schema: s4s-elt-must-match.1: The content of 'definitions' must match (annotation?, (simpleType | complexType)?, (unique | key | keyref)*)). A problem was found starting at: attribute.
2024-03-27 08:53:23,411 [INFO] PluginManage:359 - Loaded plugin pinoutconfig (category:base,tabindex:0)
2024-03-27 08:53:23,411 [INFO] PluginManage:310 - Check plugin power
2024-03-27 08:53:23,431 [INFO] PluginManage:359 - Loaded plugin power (category:power,tabindex:4)
2024-03-27 08:53:23,432 [INFO] PluginManage:310 - Check plugin projectmanager
2024-03-27 08:53:23,483 [INFO] PluginManage:359 - Loaded plugin projectmanager (category:projectmanager,tabindex:3)
2024-03-27 08:53:23,483 [INFO] PluginManage:310 - Check plugin thirdparty
2024-03-27 08:53:23,849 [INFO] PluginManage:359 - Loaded plugin thirdparty (category:base,tabindex:-1)
2024-03-27 08:53:23,851 [INFO] PluginManage:310 - Check plugin tools
2024-03-27 08:53:23,860 [INFO] PluginManage:359 - Loaded plugin tools (category:base,tabindex:7)
2024-03-27 08:53:23,860 [INFO] PluginManage:310 - Check plugin tutovideos
2024-03-27 08:53:23,852 [WARN] IntegrityCheckThread:84 - waiting for thirdparty lock release [integrity check]
2024-03-27 08:53:23,865 [INFO] IntegrityCheckThread:86 - entering critical section [integrity check]
2024-03-27 08:53:23,867 [INFO] ThirdPartyUpdaterWithRetryManager:70 - Updater plugin not ready yet. [1/15]
2024-03-27 08:53:24,394 [INFO] PluginManage:359 - Loaded plugin tutovideos (category:base,tabindex:-1)
2024-03-27 08:53:24,395 [INFO] PluginManage:310 - Check plugin updater
2024-03-27 08:53:24,427 [INFO] PluginManage:359 - Loaded plugin updater (category:base,tabindex:12)
2024-03-27 08:53:24,428 [INFO] PluginManage:310 - Check plugin userauth
2024-03-27 08:53:24,440 [INFO] UserAuth:114 - Init User Auth plugin
2024-03-27 08:53:24,440 [INFO] PluginManage:359 - Loaded plugin userauth (category:base,tabindex:14)
2024-03-27 08:53:24,442 [INFO] PluginManage:283 - PluginManage : Loaded plugins [17]
2024-03-27 08:53:24,799 [INFO] PinOutPanel:1561 - setPackage(No Configuration,No Configuration)
2024-03-27 08:53:24,888 [INFO] CADModel:165 - CPN selected for project level
2024-03-27 08:53:24,889 [INFO] CADModel:114 - Register for checkConnection events
2024-03-27 08:53:24,901 [INFO] IPUIPlugin:80 - create IPUIPlugin
2024-03-27 08:53:24,902 [INFO] PluginManager:220 - loadIPPluginJar : add gic
2024-03-27 08:53:24,911 [INFO] IPUIPlugin:80 - create IPUIPlugin
2024-03-27 08:53:24,912 [INFO] PluginManager:220 - loadIPPluginJar : add linkedlist
2024-03-27 08:53:24,924 [INFO] IPUIPlugin:80 - create IPUIPlugin
2024-03-27 08:53:24,924 [INFO] PluginManager:220 - loadIPPluginJar : add stm32_wpan
2024-03-27 08:53:24,931 [INFO] IPUIPlugin:80 - create IPUIPlugin
2024-03-27 08:53:24,932 [INFO] PluginManager:220 - loadIPPluginJar : add dma
2024-03-27 08:53:24,935 [INFO] IPUIPlugin:80 - create IPUIPlugin
2024-03-27 08:53:24,935 [INFO] PluginManager:220 - loadIPPluginJar : add dfsdm
2024-03-27 08:53:24,938 [INFO] IPUIPlugin:80 - create IPUIPlugin
2024-03-27 08:53:24,939 [INFO] PluginManager:220 - loadIPPluginJar : add extmemmanager
2024-03-27 08:53:24,942 [INFO] IPUIPlugin:80 - create IPUIPlugin
2024-03-27 08:53:24,942 [INFO] PluginManager:220 - loadIPPluginJar : add sai
2024-03-27 08:53:24,945 [INFO] IPUIPlugin:80 - create IPUIPlugin
2024-03-27 08:53:24,946 [INFO] PluginManager:220 - loadIPPluginJar : add openamp
2024-03-27 08:53:24,950 [INFO] IPUIPlugin:80 - create IPUIPlugin
2024-03-27 08:53:24,950 [INFO] PluginManager:220 - loadIPPluginJar : add touchsensing
2024-03-27 08:53:24,953 [INFO] IPUIPlugin:80 - create IPUIPlugin
2024-03-27 08:53:24,954 [INFO] PluginManager:220 - loadIPPluginJar : add pdm2pcm
2024-03-27 08:53:24,957 [INFO] IPUIPlugin:80 - create IPUIPlugin
2024-03-27 08:53:24,957 [INFO] PluginManager:220 - loadIPPluginJar : add usart
2024-03-27 08:53:24,964 [INFO] IPUIPlugin:80 - create IPUIPlugin
2024-03-27 08:53:24,969 [INFO] PluginManager:220 - loadIPPluginJar : add plateformsettings
2024-03-27 08:53:24,971 [INFO] IPUIPlugin:80 - create IPUIPlugin
2024-03-27 08:53:24,971 [INFO] PluginManager:220 - loadIPPluginJar : add genericplugin
2024-03-27 08:53:24,975 [INFO] IPUIPlugin:80 - create IPUIPlugin
2024-03-27 08:53:24,975 [INFO] PluginManager:220 - loadIPPluginJar : add i3c
2024-03-27 08:53:24,978 [INFO] IPUIPlugin:80 - create IPUIPlugin
2024-03-27 08:53:24,978 [INFO] PluginManager:220 - loadIPPluginJar : add tracer_emb
2024-03-27 08:53:24,985 [INFO] IPUIPlugin:80 - create IPUIPlugin
2024-03-27 08:53:24,985 [INFO] PluginManager:220 - loadIPPluginJar : add mdma
2024-03-27 08:53:24,987 [INFO] IPUIPlugin:80 - create IPUIPlugin
2024-03-27 08:53:24,988 [INFO] PluginManager:220 - loadIPPluginJar : add tim
2024-03-27 08:53:24,991 [INFO] IPUIPlugin:80 - create IPUIPlugin
2024-03-27 08:53:24,991 [INFO] PluginManager:220 - loadIPPluginJar : add can
2024-03-27 08:53:24,994 [INFO] IPUIPlugin:80 - create IPUIPlugin
2024-03-27 08:53:24,994 [INFO] PluginManager:220 - loadIPPluginJar : add cryp
2024-03-27 08:53:24,996 [INFO] IPUIPlugin:80 - create IPUIPlugin
2024-03-27 08:53:24,996 [INFO] PluginManager:220 - loadIPPluginJar : add tsc
2024-03-27 08:53:25,000 [INFO] IPUIPlugin:80 - create IPUIPlugin
2024-03-27 08:53:25,000 [INFO] PluginManager:220 - loadIPPluginJar : add gtzc
2024-03-27 08:53:25,002 [INFO] IPUIPlugin:80 - create IPUIPlugin
2024-03-27 08:53:25,002 [INFO] PluginManager:220 - loadIPPluginJar : add quadspi
2024-03-27 08:53:25,006 [INFO] IPUIPlugin:80 - create IPUIPlugin
2024-03-27 08:53:25,006 [INFO] PluginManager:220 - loadIPPluginJar : add aes
2024-03-27 08:53:25,010 [INFO] IPUIPlugin:80 - create IPUIPlugin
2024-03-27 08:53:25,010 [INFO] PluginManager:220 - loadIPPluginJar : add lorawan
2024-03-27 08:53:25,015 [INFO] IPUIPlugin:80 - create IPUIPlugin
2024-03-27 08:53:25,016 [INFO] PluginManager:220 - loadIPPluginJar : add fmc
2024-03-27 08:53:25,023 [INFO] IPUIPlugin:80 - create IPUIPlugin
2024-03-27 08:53:25,024 [INFO] PluginManager:220 - loadIPPluginJar : add adc
2024-03-27 08:53:25,028 [INFO] IPUIPlugin:80 - create IPUIPlugin
2024-03-27 08:53:25,028 [INFO] PluginManager:220 - loadIPPluginJar : add nvic
2024-03-27 08:53:25,031 [INFO] IPUIPlugin:80 - create IPUIPlugin
2024-03-27 08:53:25,031 [INFO] PluginManager:220 - loadIPPluginJar : add dma3
2024-03-27 08:53:25,035 [INFO] IPUIPlugin:80 - create IPUIPlugin
2024-03-27 08:53:25,035 [INFO] PluginManager:220 - loadIPPluginJar : add ipddr
2024-03-27 08:53:25,040 [INFO] IPUIPlugin:80 - create IPUIPlugin
2024-03-27 08:53:25,040 [INFO] PluginManager:220 - loadIPPluginJar : add gpio
2024-03-27 08:53:25,044 [INFO] IPUIPlugin:80 - create IPUIPlugin
2024-03-27 08:53:25,044 [INFO] PluginManager:220 - loadIPPluginJar : add i2c
2024-03-27 08:53:25,045 [INFO] IPUIPlugin:80 - create IPUIPlugin
2024-03-27 08:53:25,046 [INFO] PluginManager:220 - loadIPPluginJar : add ltdc
2024-03-27 08:53:25,049 [INFO] IPUIPlugin:80 - create IPUIPlugin
2024-03-27 08:53:25,049 [INFO] PluginManager:220 - loadIPPluginJar : add resmgrutility
2024-03-27 08:53:25,052 [INFO] IPUIPlugin:80 - create IPUIPlugin
2024-03-27 08:53:25,052 [INFO] PluginManager:220 - loadIPPluginJar : add spi
2024-03-27 08:53:25,055 [INFO] IPUIPlugin:80 - create IPUIPlugin
2024-03-27 08:53:25,055 [INFO] PluginManager:220 - loadIPPluginJar : add hash
2024-03-27 08:53:25,057 [INFO] IPUIPlugin:80 - create IPUIPlugin
2024-03-27 08:53:25,057 [INFO] PluginManager:220 - loadIPPluginJar : add fatfs
2024-03-27 08:53:25,062 [INFO] IPUIPlugin:80 - create IPUIPlugin
2024-03-27 08:53:25,062 [INFO] PluginManager:220 - loadIPPluginJar : add usbx
2024-03-27 08:53:25,064 [INFO] IPUIPlugin:80 - create IPUIPlugin
2024-03-27 08:53:25,065 [INFO] PluginManager:220 - loadIPPluginJar : add ucpd
2024-03-27 08:53:25,068 [INFO] IPUIPlugin:80 - create IPUIPlugin
2024-03-27 08:53:25,069 [INFO] PluginManager:220 - loadIPPluginJar : add opamp
2024-03-27 08:53:25,071 [INFO] IPUIPlugin:80 - create IPUIPlugin
2024-03-27 08:53:25,071 [INFO] PluginManager:220 - loadIPPluginJar : add gfxmmu
2024-03-27 08:53:25,073 [INFO] IPUIPlugin:80 - create IPUIPlugin
2024-03-27 08:53:25,073 [INFO] PluginManager:220 - loadIPPluginJar : add ts
2024-03-27 08:53:25,075 [INFO] IPUIPlugin:80 - create IPUIPlugin
2024-03-27 08:53:25,075 [INFO] PluginManager:220 - loadIPPluginJar : add comp
2024-03-27 08:53:25,080 [INFO] IPUIPlugin:80 - create IPUIPlugin
2024-03-27 08:53:25,081 [INFO] PluginManager:220 - loadIPPluginJar : add freertos
2024-03-27 08:53:25,084 [INFO] IPUIPlugin:80 - create IPUIPlugin
2024-03-27 08:53:25,084 [INFO] PluginManager:220 - loadIPPluginJar : add i2s
2024-03-27 08:53:25,214 [INFO] CADModel:165 - CPN selected for project level
2024-03-27 08:53:25,214 [INFO] CADModel:114 - Register for checkConnection events
2024-03-27 08:53:25,214 [FATAL] Updater:308 - Updater called before beeing initialized
2024-03-27 08:53:25,215 [ERROR] CADModel:125 - Updater not yet initialized, retry later 
2024-03-27 08:53:25,392 [INFO] CADModel:165 - CPN selected for project level
2024-03-27 08:53:25,392 [INFO] CADModel:114 - Register for checkConnection events
2024-03-27 08:53:25,392 [FATAL] Updater:308 - Updater called before beeing initialized
2024-03-27 08:53:25,393 [ERROR] CADModel:125 - Updater not yet initialized, retry later 
2024-03-27 08:53:25,397 [FATAL] Updater:308 - Updater called before beeing initialized
2024-03-27 08:53:25,543 [FATAL] Updater:308 - Updater called before beeing initialized
2024-03-27 08:53:25,549 [INFO] DbMcusAds:53 - JSON generation date=Wed Nov 29 05:52:27 EST 2023 (1701255147349)
2024-03-27 08:53:25,549 [FATAL] Updater:308 - Updater called before beeing initialized
2024-03-27 08:53:25,607 [WARN] DetailPanel:346 - Failed to get advertising image, set to default
2024-03-27 08:53:25,740 [FATAL] Updater:308 - Updater called before beeing initialized
2024-03-27 08:53:25,742 [FATAL] Updater:308 - Updater called before beeing initialized
2024-03-27 08:53:25,742 [FATAL] Updater:308 - Updater called before beeing initialized
2024-03-27 08:53:25,743 [WARN] DetailPanel:346 - Failed to get advertising image, set to default
2024-03-27 08:53:25,744 [FATAL] Updater:308 - Updater called before beeing initialized
2024-03-27 08:53:25,801 [ERROR] Updater:1120 - MainUpdater not yet initialized. External WinMGr cannot be set.
2024-03-27 08:53:25,803 [INFO] Updater:1056 - Updater Version found : 6.11.0
2024-03-27 08:53:25,824 [INFO] ApplicationProperties:184 - Using Application install path: /opt/st/stm32cubeide_1.15.0/plugins/com.st.stm32cube.common.mx_6.11.0.202403141607
2024-03-27 08:53:25,845 [ERROR] LogOutputStream:75 - [STDERR_REDIRECT] Mar 27, 2024 8:53:25 AM java.util.prefs.FileSystemPreferences$2 run
2024-03-27 08:53:25,846 [ERROR] LogOutputStream:75 - [STDERR_REDIRECT] WARNING: Could not create system preferences directory. System preferences are unusable.
2024-03-27 08:53:25,846 [ERROR] LogOutputStream:75 - [STDERR_REDIRECT] 
2024-03-27 08:53:26,394 [INFO] MainUpdater:2873 - connection check result : 10
2024-03-27 08:53:26,395 [INFO] MainUpdater:290 - Updater Check For Update Now.
2024-03-27 08:53:26,395 [INFO] MicroXplorer:498 - Change Database Version : DB.6.0.110
2024-03-27 08:53:26,417 [INFO] McuFinderGlobals:63 - Set McuFinder mode to 2 (CubeIDE integrated)
2024-03-27 08:53:26,443 [INFO] UserAuth:415 - Internet connection configuration mode: 1
2024-03-27 08:53:26,482 [INFO] JxBrowserEngine:152 - Initiate JxBrowser Engine with user profile folder
2024-03-27 08:53:26,790 [INFO] CheckServerUpdateThread:120 - End of CheckServer Thread
2024-03-27 08:53:27,422 [WARN] PackLoader:240 - Cannot read IP mode file for STMicroelectronics.X-CUBE-SMBUS.2.1.0
2024-03-27 08:53:27,462 [WARN] PackLoader:240 - Cannot read IP mode file for STMicroelectronics.X-CUBE-TOUCHGFX.4.23.0
2024-03-27 08:53:27,807 [WARN] PackLoader:240 - Cannot read IP mode file for STMicroelectronics.X-CUBE-AZRTOS-F7.1.1.0
2024-03-27 08:53:27,868 [WARN] PackLoader:240 - Cannot read IP mode file for STMicroelectronics.FP-SNS-MOTENV1.4.3.2
2024-03-27 08:53:27,887 [WARN] PackLoader:240 - Cannot read IP mode file for STMicroelectronics.FP-SNS-FLIGHT1.5.0.2
2024-03-27 08:53:27,931 [WARN] PackLoader:240 - Cannot read IP mode file for STMicroelectronics.X-CUBE-DISPLAY.3.0.0
2024-03-27 08:53:28,086 [WARN] PackLoader:240 - Cannot read IP mode file for STMicroelectronics.X-CUBE-BLE1.7.0.0
2024-03-27 08:53:28,125 [WARN] PackLoader:240 - Cannot read IP mode file for emotas.I-CUBE-CANOPEN.1.3.0
2024-03-27 08:53:28,175 [WARN] PackLoader:240 - Cannot read IP mode file for STMicroelectronics.X-CUBE-BLEMGR.3.1.0
2024-03-27 08:53:28,193 [WARN] PackLoader:240 - Cannot read IP mode file for STMicroelectronics.FP-SNS-SMARTAG2.1.2.0
2024-03-27 08:53:28,246 [INFO] LogOutputStream:77 - [STDOUT_REDIRECT] 1 : Invalid condition id : UX_CORESTACK_Condition cause : null
2024-03-27 08:53:28,247 [INFO] LogOutputStream:77 - [STDOUT_REDIRECT] 1 : Invalid condition id : UX_CORESTACK_Condition cause : null
2024-03-27 08:53:28,248 [INFO] LogOutputStream:77 - [STDOUT_REDIRECT] 1 : Invalid condition id : UX_CORESTACK_Condition cause : null
2024-03-27 08:53:28,249 [INFO] LogOutputStream:77 - [STDOUT_REDIRECT] 1 : Invalid condition id : UX_CORESTACK_Condition cause : null
2024-03-27 08:53:28,250 [INFO] LogOutputStream:77 - [STDOUT_REDIRECT] 1 : Invalid condition id : UX_CORESTACK_Condition cause : null
2024-03-27 08:53:28,266 [WARN] PackLoader:240 - Cannot read IP mode file for STMicroelectronics.X-CUBE-AZRTOS-WL.2.0.0
2024-03-27 08:53:28,289 [WARN] PackLoader:240 - Cannot read IP mode file for WES.I-CUBE-Cesium.1.3.0
2024-03-27 08:53:28,300 [WARN] PackLoader:240 - Cannot read IP mode file for STMicroelectronics.X-CUBE-BLE2.3.3.0
2024-03-27 08:53:28,317 [WARN] PackLoader:240 - Cannot read IP mode file for STMicroelectronics.X-CUBE-ALGOBUILD.1.3.0
2024-03-27 08:53:28,487 [WARN] PackLoader:240 - Cannot read IP mode file for STMicroelectronics.X-CUBE-AZRTOS-G0.1.1.0
2024-03-27 08:53:28,510 [WARN] PackLoader:240 - Cannot read IP mode file for STMicroelectronics.X-CUBE-NFC4.3.0.0
2024-03-27 08:53:28,519 [WARN] PackLoader:240 - Cannot read IP mode file for STMicroelectronics.FP-ATR-SIGFOX1.3.2.0
2024-03-27 08:53:28,546 [WARN] PackLoader:240 - Cannot read IP mode file for STMicroelectronics.X-CUBE-EEPRMA1.5.1.0
2024-03-27 08:53:28,732 [WARN] PackLoader:240 - Cannot read IP mode file for SEGGER.I-CUBE-embOS.1.3.1
2024-03-27 08:53:28,740 [INFO] WebApp:161 - Instantiating new browser for Auth
2024-03-27 08:53:28,899 [WARN] PackLoader:240 - Cannot read IP mode file for STMicroelectronics.X-CUBE-GNSS1.6.0.0
2024-03-27 08:53:28,955 [WARN] PackLoader:240 - Cannot read IP mode file for STMicroelectronics.X-CUBE-AZRTOS-F4.1.1.0
2024-03-27 08:53:28,968 [WARN] PackLoader:240 - Cannot read IP mode file for wolfSSL.I-CUBE-wolfSSL.5.6.6
2024-03-27 08:53:29,050 [WARN] PackLoader:240 - Cannot read IP mode file for STMicroelectronics.X-CUBE-AZRTOS-L5.2.0.0
2024-03-27 08:53:29,069 [WARN] PackLoader:240 - Cannot read IP mode file for STMicroelectronics.X-CUBE-NFC6.3.1.0
2024-03-27 08:53:29,083 [WARN] PackLoader:240 - Cannot read IP mode file for ITTIA_DB.I-CUBE-ITTIADB.8.8.0
2024-03-27 08:53:29,134 [WARN] PackLoader:240 - Cannot read IP mode file for STMicroelectronics.X-CUBE-NFC7.1.0.1
2024-03-27 08:53:29,144 [WARN] PackLoader:240 - Cannot read IP mode file for STMicroelectronics.X-CUBE-AI.8.1.0
2024-03-27 08:53:29,231 [WARN] ConditionMgr:438 - getConditionDescription Invalid condition id : LAN8742 Phy interface Condition cause : null
2024-03-27 08:53:29,232 [WARN] PackLoader:240 - Cannot read IP mode file for STMicroelectronics.X-CUBE-AZRTOS-L4.2.0.0
2024-03-27 08:53:29,235 [WARN] ConditionMgr:1039 - genDependencies : Invalid condition id : LAN8742 Phy interface Condition cause : null
2024-03-27 08:53:29,236 [WARN] ConditionMgr:1039 - genDependencies : Invalid condition id : LAN8742 Phy interface Condition cause : null
2024-03-27 08:53:29,238 [WARN] ConditionMgr:1039 - genDependencies : Invalid condition id : LAN8742 Phy interface Condition cause : null
2024-03-27 08:53:29,257 [WARN] PackLoader:240 - Cannot read IP mode file for STMicroelectronics.X-CUBE-SFXS2LP1.4.0.0
2024-03-27 08:53:29,344 [WARN] ConditionMgr:438 - getConditionDescription Invalid condition id : UX DEVICE CLASS RTOS Condition cause : null
2024-03-27 08:53:29,345 [WARN] ConditionMgr:438 - getConditionDescription Invalid condition id : UX DEVICE CLASS RTOS Condition cause : null
2024-03-27 08:53:29,363 [WARN] PackLoader:240 - Cannot read IP mode file for STMicroelectronics.X-CUBE-AZRTOS-WB.2.0.0
2024-03-27 08:53:29,368 [WARN] ConditionMgr:1039 - genDependencies : Invalid condition id : UX DEVICE CLASS RTOS Condition cause : null
2024-03-27 08:53:29,369 [WARN] ConditionMgr:1039 - genDependencies : Invalid condition id : UX DEVICE CLASS RTOS Condition cause : null
2024-03-27 08:53:29,370 [WARN] ConditionMgr:1039 - genDependencies : Invalid condition id : UX DEVICE CLASS RTOS Condition cause : null
2024-03-27 08:53:29,371 [WARN] ConditionMgr:1039 - genDependencies : Invalid condition id : UX DEVICE CLASS RTOS Condition cause : null
2024-03-27 08:53:29,371 [WARN] ConditionMgr:1039 - genDependencies : Invalid condition id : UX DEVICE CLASS RTOS Condition cause : null
2024-03-27 08:53:29,397 [WARN] PackLoader:240 - Cannot read IP mode file for STMicroelectronics.X-CUBE-SUBG2.5.0.0
2024-03-27 08:53:29,456 [WARN] PackLoader:240 - Cannot read IP mode file for STMicroelectronics.X-CUBE-AZRTOS-G4.2.0.0
2024-03-27 08:53:29,489 [WARN] PackLoader:240 - Cannot read IP mode file for Infineon.AIROC-Wi-Fi-Bluetooth-STM32.1.5.1
2024-03-27 08:53:29,504 [WARN] PackLoader:240 - Cannot read IP mode file for STMicroelectronics.FP-SNS-MOTENVWB1.1.3.1
2024-03-27 08:53:29,511 [WARN] PackLoader:240 - Cannot read IP mode file for STMicroelectronics.X-CUBE-ISPU.2.0.0
2024-03-27 08:53:29,620 [WARN] PackLoader:240 - Cannot read IP mode file for STMicroelectronics.X-CUBE-MEMS1.10.0.0
2024-03-27 08:53:30,188 [WARN] PackLoader:240 - Cannot read IP mode file for STMicroelectronics.X-CUBE-FREERTOS.1.1.0
2024-03-27 08:53:30,203 [WARN] PackLoader:240 - Cannot read IP mode file for portGmbH.I-Cube-SoM-uGOAL.1.1.0
2024-03-27 08:53:30,210 [WARN] PackLoader:240 - Cannot read IP mode file for STMicroelectronics.X-CUBE-ALS.1.0.1
2024-03-27 08:53:30,217 [WARN] PackLoader:240 - Cannot read IP mode file for STMicroelectronics.FP-ATR-ASTRA1.2.0.0
2024-03-27 08:53:30,243 [WARN] PackLoader:240 - Cannot read IP mode file for STMicroelectronics.X-CUBE-TOF1.3.4.1
2024-03-27 08:53:30,322 [WARN] PackLoader:240 - Cannot read IP mode file for STMicroelectronics.X-CUBE-AZRTOS-H7.3.2.0
2024-03-27 08:53:30,331 [INFO] ThirdParty:978 - Integrity check success = true
2024-03-27 08:53:30,331 [INFO] IntegrityCheckThread:100 - exiting critical section [integrity check]
2024-03-27 08:53:30,331 [INFO] IntegrityCheckThread:103 - End integrity checks thread
2024-03-27 08:53:30,466 [INFO] WebApp:779 - Register for checkConnection events
2024-03-27 08:53:30,466 [INFO] WebApp:414 - Apply proxy settings
2024-03-27 08:53:30,467 [INFO] WebApp:499 - Chromium requires no authentication
2024-03-27 08:53:30,480 [INFO] WebApp:442 - Direct internet connection detected
2024-03-27 08:53:30,802 [INFO] WebApp:192 - Starting web application
2024-03-27 08:53:30,803 [INFO] WebApp:544 - Web application path used /opt/st/stm32cubeide_1.15.0/plugins/com.st.stm32cube.common.mx_6.11.0.202403141607/db/plugins/mcufinder/reactClient1/index.html
2024-03-27 08:53:44,743 [ERROR] LogOutputStream:75 - [STDERR_REDIRECT] Mar 27, 2024 8:53:44 AM java.util.prefs.FileSystemPreferences checkLockFile0ErrorCode
2024-03-27 08:53:44,744 [ERROR] LogOutputStream:75 - [STDERR_REDIRECT] WARNING: Could not lock System prefs. Unix error code 32303.
2024-03-27 08:53:44,745 [ERROR] LogOutputStream:75 - [STDERR_REDIRECT] 
2024-03-27 08:53:44,747 [ERROR] LogOutputStream:75 - [STDERR_REDIRECT] Mar 27, 2024 8:53:44 AM java.util.prefs.FileSystemPreferences syncWorld
2024-03-27 08:53:44,747 [ERROR] LogOutputStream:75 - [STDERR_REDIRECT] WARNING: Couldn't flush system prefs: java.util.prefs.BackingStoreException: Couldn't get file lock.
2024-03-27 08:53:44,748 [ERROR] LogOutputStream:75 - [STDERR_REDIRECT] 
2024-03-27 08:54:14,706 [ERROR] LogOutputStream:75 - [STDERR_REDIRECT] Mar 27, 2024 8:54:14 AM java.util.prefs.FileSystemPreferences checkLockFile0ErrorCode
2024-03-27 08:54:14,706 [ERROR] LogOutputStream:75 - [STDERR_REDIRECT] WARNING: Could not lock System prefs. Unix error code 32303.
2024-03-27 08:54:14,706 [ERROR] LogOutputStream:75 - [STDERR_REDIRECT] 
2024-03-27 08:54:14,707 [ERROR] LogOutputStream:75 - [STDERR_REDIRECT] Mar 27, 2024 8:54:14 AM java.util.prefs.FileSystemPreferences syncWorld
2024-03-27 08:54:14,708 [ERROR] LogOutputStream:75 - [STDERR_REDIRECT] WARNING: Couldn't flush system prefs: java.util.prefs.BackingStoreException: Couldn't get file lock.
2024-03-27 08:54:14,708 [ERROR] LogOutputStream:75 - [STDERR_REDIRECT] 
2024-03-27 08:54:44,706 [ERROR] LogOutputStream:75 - [STDERR_REDIRECT] Mar 27, 2024 8:54:44 AM java.util.prefs.FileSystemPreferences checkLockFile0ErrorCode
2024-03-27 08:54:44,707 [ERROR] LogOutputStream:75 - [STDERR_REDIRECT] WARNING: Could not lock System prefs. Unix error code 32303.
2024-03-27 08:54:44,708 [ERROR] LogOutputStream:75 - [STDERR_REDIRECT] 
2024-03-27 08:54:44,710 [ERROR] LogOutputStream:75 - [STDERR_REDIRECT] Mar 27, 2024 8:54:44 AM java.util.prefs.FileSystemPreferences syncWorld
2024-03-27 08:54:44,711 [ERROR] LogOutputStream:75 - [STDERR_REDIRECT] WARNING: Couldn't flush system prefs: java.util.prefs.BackingStoreException: Couldn't get file lock.
2024-03-27 08:54:44,712 [ERROR] LogOutputStream:75 - [STDERR_REDIRECT] 
2024-03-27 08:55:14,707 [ERROR] LogOutputStream:75 - [STDERR_REDIRECT] Mar 27, 2024 8:55:14 AM java.util.prefs.FileSystemPreferences checkLockFile0ErrorCode
2024-03-27 08:55:14,708 [ERROR] LogOutputStream:75 - [STDERR_REDIRECT] WARNING: Could not lock System prefs. Unix error code 32303.
2024-03-27 08:55:14,710 [ERROR] LogOutputStream:75 - [STDERR_REDIRECT] 
2024-03-27 08:55:14,712 [ERROR] LogOutputStream:75 - [STDERR_REDIRECT] Mar 27, 2024 8:55:14 AM java.util.prefs.FileSystemPreferences syncWorld
2024-03-27 08:55:14,713 [ERROR] LogOutputStream:75 - [STDERR_REDIRECT] WARNING: Couldn't flush system prefs: java.util.prefs.BackingStoreException: Couldn't get file lock.
2024-03-27 08:55:14,714 [ERROR] LogOutputStream:75 - [STDERR_REDIRECT] 
